<?xml version="1.0" encoding="UTF-8"?>
<!-- Generated by org.testng.reporters.JUnitReportReporter -->
<testsuite skipped="0" hostname="LAPTOP-04B1LE1H" name="com.tutorialsninja.testsuite.DesktopsPageTest" tests="2" failures="0" timestamp="2022-12-04T16:59:47 GMT" time="28.225" errors="0">
  <testcase name="verifyProductAddedToShoppingCartSuccessFully" time="20.034" classname="com.tutorialsninja.testsuite.DesktopsPageTest"/>
  <system-out/>
  <testcase name="verifyProductArrangeInAlphabeticalOrder" time="8.191" classname="com.tutorialsninja.testsuite.DesktopsPageTest"/>
  <system-out/>
</testsuite> <!-- com.tutorialsninja.testsuite.DesktopsPageTest -->
