<?xml version="1.0" encoding="UTF-8"?>
<!-- Generated by org.testng.reporters.JUnitReportReporter -->
<testsuite skipped="0" hostname="LAPTOP-04B1LE1H" name="com.tutorialsninja.testsuite.AccountLoginPageTest" tests="2" failures="0" timestamp="2022-12-04T16:59:47 GMT" time="18.045" errors="0">
  <testcase name="verifyUserShouldNavigateToLoginPageSuccessfully" time="9.804" classname="com.tutorialsninja.testsuite.AccountLoginPageTest"/>
  <system-out/>
  <testcase name="verifyThatUserShouldLoginAndLogoutSuccessfully" time="8.241" classname="com.tutorialsninja.testsuite.AccountLoginPageTest"/>
  <system-out/>
</testsuite> <!-- com.tutorialsninja.testsuite.AccountLoginPageTest -->
