<?xml version="1.0" encoding="UTF-8"?>
<!-- Generated by org.testng.reporters.JUnitReportReporter -->
<testsuite skipped="0" hostname="LAPTOP-04B1LE1H" name="com.tutorialsninja.testsuite.AccountRegisterPageTest" tests="2" failures="0" timestamp="2022-12-04T16:59:47 GMT" time="55.372" errors="0">
  <testcase name="verifyUserShouldNavigateToLoginPageSuccessfully" time="25.624" classname="com.tutorialsninja.testsuite.AccountRegisterPageTest"/>
  <system-out/>
  <testcase name="verifyThatUserShouldLoginAndLogoutSuccessfully" time="29.748" classname="com.tutorialsninja.testsuite.AccountRegisterPageTest"/>
  <system-out/>
</testsuite> <!-- com.tutorialsninja.testsuite.AccountRegisterPageTest -->
