<?xml version="1.0" encoding="UTF-8"?>
<!-- Generated by org.testng.reporters.JUnitReportReporter -->
<testsuite skipped="0" hostname="LAPTOP-04B1LE1H" name="com.tutorialsninja.testsuite.TopMenuTest" tests="3" failures="0" timestamp="2022-12-04T16:59:47 GMT" time="20.310" errors="0">
  <testcase name="verifyUserShouldNavigateToLaptopsAndNotebooksPageSuccessfully" time="6.414" classname="com.tutorialsninja.testsuite.TopMenuTest"/>
  <system-out/>
  <testcase name="verifyUserShouldNavigateToDesktopsPageSuccessfully" time="7.274" classname="com.tutorialsninja.testsuite.TopMenuTest"/>
  <system-out/>
  <testcase name="verifyUserShouldNavigateToComponentsPageSuccessfully" time="6.622" classname="com.tutorialsninja.testsuite.TopMenuTest"/>
  <system-out/>
</testsuite> <!-- com.tutorialsninja.testsuite.TopMenuTest -->
