<?xml version="1.0" encoding="UTF-8"?>
<!-- Generated by org.testng.reporters.JUnitReportReporter -->
<testsuite skipped="0" hostname="LAPTOP-04B1LE1H" name="com.tutorialsninja.testsuite.LaptopsAndNotebooksPageTest" tests="2" failures="0" timestamp="2022-12-04T16:59:47 GMT" time="21.318" errors="0">
  <testcase name="verifyThatUserPlaceOrderSuccessfully" time="11.668" classname="com.tutorialsninja.testsuite.LaptopsAndNotebooksPageTest"/>
  <system-out/>
  <testcase name="verifyProductsPriceDisplayHighToLowSuccessfully" time="9.650" classname="com.tutorialsninja.testsuite.LaptopsAndNotebooksPageTest"/>
  <system-out/>
</testsuite> <!-- com.tutorialsninja.testsuite.LaptopsAndNotebooksPageTest -->
